<?xml version="1.0" encoding="UTF-8"?>
<!-- Generated by org.testng.reporters.JUnitReportReporter -->
<testsuite hostname="BasheerAhamed" failures="0" tests="1" name="CalculatorTest" time="28.330" errors="0" timestamp="2025-02-10T15:30:51 IST" skipped="0">
  <testcase classname="CalculatorTest" name="testAddition" time="28.330"/>
  <system-out/>
</testsuite> <!-- CalculatorTest -->
